\BOOKMARK [0][-]{section*.1}{\376\377\000L\036\335\000i\000\040\000c\036\243\000m\000\040\001\241\000n}{}% 1
\BOOKMARK [0][-]{chapter*.2}{\376\377\001\020\036\301\000\040\000c\001\260\001\241\000n\000g\000\040\000c\000h\000i\000\040\000t\000i\036\277\000t}{}% 2
\BOOKMARK [0][-]{chapter*.2}{\376\377\000M\036\345\000c\000\040\000l\036\345\000c}{}% 3
\BOOKMARK [0][-]{section*.4}{\376\377\000D\000a\000n\000h\000\040\000s\000\341\000c\000h\000\040\000h\000\354\000n\000h\000\040\036\243\000n\000h}{}% 4
\BOOKMARK [0][-]{section*.6}{\376\377\000D\000a\000n\000h\000\040\000s\000\341\000c\000h\000\040\000b\036\243\000n\000g}{}% 5
\BOOKMARK [0][-]{section*.8}{\376\377\000T\000\363\000m\000\040\000t\036\257\000t}{}% 6
\BOOKMARK [0][-]{section*.10}{\376\377\000D\000a\000n\000h\000\040\000s\000\341\000c\000h\000\040\000c\000\341\000c\000\040\000t\036\353\000\040\000v\000i\036\277\000t\000\040\000t\036\257\000t}{}% 7
\BOOKMARK [0][-]{chapter.1}{\376\377\000G\000I\036\332\000I\000\040\000T\000H\000I\036\306\000U}{}% 8
\BOOKMARK [1][-]{section.1.1}{\376\377\000G\000i\036\333\000i\000\040\000t\000h\000i\036\307\000u\000\040\000t\036\325\000n\000g\000\040\000q\000u\000a\000n}{chapter.1}% 9
\BOOKMARK [1][-]{section.1.2}{\376\377\000T\000h\000\341\000c\000h\000\040\000t\000h\036\351\000c\000\040\000c\036\347\000a\000\040\000b\000\340\000i\000\040\000t\000o\000\341\000n}{chapter.1}% 10
\BOOKMARK [2][-]{subsection.1.2.1}{\376\377\000H\036\241\000n\000\040\000c\000h\036\277\000\040\000t\000r\000o\000n\000g\000\040\000k\000h\000a\000i\000\040\000t\000h\000\341\000c\000\040\000n\000g\036\357\000\040\000n\000g\000h\001\051\000a\000\040\000c\036\347\000a\000\040\000L\000L\000M\000s}{section.1.2}% 11
\BOOKMARK [2][-]{subsection.1.2.2}{\376\377\000T\000h\000i\036\277\000u\000\040\000t\000\355\000n\000h\000\040\000c\000\341\000\040\000n\000h\000\342\000n\000\040\000h\000\363\000a\000\040\000t\000r\000o\000n\000g\000\040\000s\000u\000y\000\040\000l\000u\036\255\000n}{section.1.2}% 12
\BOOKMARK [2][-]{subsection.1.2.3}{\376\377\000K\000h\000\363\000\040\000k\000h\001\003\000n\000\040\000t\000r\000o\000n\000g\000\040\000x\036\355\000\040\000l\000\375\000\040\000t\000h\000\364\000n\000g\000\040\000t\000i\000n\000\040\000t\000h\036\335\000i\000\040\000g\000i\000a\000n\000\040\001\021\000a\000\040\000t\036\247\000n\000g}{section.1.2}% 13
\BOOKMARK [2][-]{subsection.1.2.4}{\376\377\000G\000i\036\333\000i\000\040\000h\036\241\000n\000\040\000t\000r\000o\000n\000g\000\040\000t\000\355\000c\000h\000\040\000h\036\343\000p\000\040\000t\000r\000i\000\040\000t\000h\036\351\000c\000\040\001\021\000a\000\040\000n\000g\000u\036\323\000n}{section.1.2}% 14
\BOOKMARK [2][-]{subsection.1.2.5}{\376\377\000T\000h\000\341\000c\000h\000\040\000t\000h\036\351\000c\000\040\000v\036\301\000\040\000t\000\355\000n\000h\000\040\000g\000i\036\243\000i\000\040\000t\000h\000\355\000c\000h}{section.1.2}% 15
\BOOKMARK [1][-]{section.1.3}{\376\377\001\020\036\331\000n\000g\000\040\000l\036\361\000c\000\040\000v\000\340\000\040\000h\001\260\036\333\000n\000g\000\040\000t\000i\036\277\000p\000\040\000c\036\255\000n}{chapter.1}% 16
\BOOKMARK [2][-]{subsection.1.3.1}{\376\377\001\020\036\331\000n\000g\000\040\000l\036\361\000c\000\040\000n\000g\000h\000i\000\352\000n\000\040\000c\036\351\000u}{section.1.3}% 17
\BOOKMARK [2][-]{subsection.1.3.2}{\376\377\000H\001\260\036\333\000n\000g\000\040\000t\000i\036\277\000p\000\040\000c\036\255\000n}{section.1.3}% 18
\BOOKMARK [1][-]{section.1.4}{\376\377\000M\036\345\000c\000\040\000t\000i\000\352\000u\000\040\000v\000\340\000\040\001\021\000\363\000n\000g\000\040\000g\000\363\000p\000\040\000c\036\347\000a\000\040\001\021\036\301\000\040\000t\000\340\000i}{chapter.1}% 19
\BOOKMARK [2][-]{subsection.1.4.1}{\376\377\000M\036\345\000c\000\040\000t\000i\000\352\000u\000\040\001\021\036\301\000\040\000t\000\340\000i}{section.1.4}% 20
\BOOKMARK [2][-]{subsection.1.4.2}{\376\377\001\020\000\363\000n\000g\000\040\000g\000\363\000p\000\040\000c\036\347\000a\000\040\001\021\036\301\000\040\000t\000\340\000i}{section.1.4}% 21
\BOOKMARK [2][-]{subsection.1.4.3}{\376\377\000B\036\321\000\040\000c\036\345\000c\000\040\000t\000r\000\354\000n\000h\000\040\000b\000\340\000y}{section.1.4}% 22
\BOOKMARK [0][-]{chapter.2}{\376\377\000C\000\301\000C\000\040\000C\000\324\000N\000G\000\040\000T\000R\000\314\000N\000H\000\040\000\040\000L\000I\000\312\000N\000\040\000Q\000U\000A\000N}{}% 23
\BOOKMARK [1][-]{section.2.1}{\376\377\000T\000\363\000m\000\040\000t\036\257\000t\000\040\000c\000\341\000c\000\040\000k\000\375\000\040\000h\000i\036\307\000u\000\040\000v\000\340\000\040\001\021\036\313\000n\000h\000\040\000n\000g\000h\001\051\000a\000\040\000c\000h\000u\000n\000g}{chapter.2}% 24
\BOOKMARK [1][-]{section.2.2}{\376\377\000H\000o\000\340\000n\000\040\000t\000h\000i\036\307\000n\000\040\000d\036\361\000a\000\040\000t\000r\000\352\000n\000\040\000n\036\331\000i\000\040\000s\000u\000y}{chapter.2}% 25
\BOOKMARK [1][-]{section.2.3}{\376\377\000H\000o\000\340\000n\000\040\000t\000h\000i\036\307\000n\000\040\000d\036\361\000a\000\040\000t\000r\000\352\000n\000\040\000n\000g\000o\036\241\000i\000\040\000s\000u\000y}{chapter.2}% 26
\BOOKMARK [1][-]{section.2.4}{\376\377\000P\000h\001\260\001\241\000n\000g\000\040\000p\000h\000\341\000p\000\040\000l\036\361\000a\000\040\000c\000h\036\315\000n}{chapter.2}% 27
\BOOKMARK [0][-]{chapter.3}{\376\377\000K\000I\036\276\000N\000\040\000T\000H\036\350\000C\000\040\000N\036\300\000N\000\040\000T\036\242\000N\000G}{}% 28
\BOOKMARK [1][-]{section.3.1}{\376\377\000C\000\341\000c\000\040\000k\000h\000\341\000i\000\040\000n\000i\036\307\000m\000\040\000c\000h\000u\000n\000g}{chapter.3}% 29
\BOOKMARK [1][-]{section.3.2}{\376\377\000S\000u\000y\000\040\000l\000u\036\255\000n\000\040\000d\036\361\000a\000\040\000t\000r\000\352\000n\000\040\000n\000h\036\357\000n\000g\000\040\000s\036\361\000\040\000k\000i\036\307\000n\000\040\001\021\001\260\036\343\000c\000\040\000t\000r\000\355\000c\000h\000\040\000x\000u\036\245\000t\000\040\000t\036\353\000\040\000l\000u\036\255\000t\000\040\000l\000o\000g\000i\000c\000\040\000t\000h\036\335\000i\000\040\000g\000i\000a\000n}{chapter.3}% 30
\BOOKMARK [1][-]{section.3.3}{\376\377\000T\036\241\000o\000\040\000S\000i\000n\000h\000\040\000T\001\003\000n\000g\000\040\000C\001\260\036\335\000n\000g\000\040\000T\000r\000u\000y\000\040\000X\000u\036\245\000t\000\040\000\050\000R\000e\000t\000r\000i\000e\000v\000a\000l\000-\000A\000u\000g\000m\000e\000n\000t\000e\000d\000\040\000G\000e\000n\000e\000r\000a\000t\000i\000o\000n\000\051}{chapter.3}% 31
\BOOKMARK [2][-]{subsection.3.3.1}{\376\377\000C\036\245\000u\000\040\000t\000r\000\372\000c\000\040\000c\036\347\000a\000\040\000h\036\307\000\040\000t\000h\036\321\000n\000g\000\040\000R\000A\000G}{section.3.3}% 32
\BOOKMARK [2][-]{subsection.3.3.2}{\376\377\000C\000\341\000c\000\040\000t\000h\000u\036\255\000t\000\040\000t\000o\000\341\000n\000\040\000t\000r\000u\000y\000\040\000x\000u\036\245\000t}{section.3.3}% 33
\BOOKMARK [2][-]{subsection.3.3.3}{\376\377\000C\001\241\000\040\000s\036\337\000\040\000d\036\357\000\040\000l\000i\036\307\000u\000\040\000v\000e\000c\000t\000o\000r}{section.3.3}% 34
\BOOKMARK [2][-]{subsection.3.3.4}{\376\377\000C\000\341\000c\000\040\000p\000h\001\260\001\241\000n\000g\000\040\000p\000h\000\341\000p\000\040\000t\036\321\000i\000\040\001\260\000u\000\040\000q\000u\000\341\000\040\000t\000r\000\354\000n\000h\000\040\000t\000r\000u\000y\000\040\000x\000u\036\245\000t}{section.3.3}% 35
\BOOKMARK [0][-]{chapter.4}{\376\377\000P\000h\001\260\001\241\000n\000g\000\040\000p\000h\000\341\000p\000\040\001\021\036\301\000\040\000x\000u\036\245\000t}{}% 36
\BOOKMARK [1][-]{section.4.1}{\376\377\000T\000r\000\355\000c\000h\000\040\000x\000u\036\245\000t\000\040\000s\036\361\000\040\000k\000i\036\307\000n\000\040\000d\036\361\000a\000\040\000t\000r\000\352\000n\000\040\000l\000u\036\255\000t}{chapter.4}% 37
\BOOKMARK [2][-]{subsection.4.1.1}{\376\377\000T\000r\000\355\000c\000h\000\040\000x\000u\036\245\000t\000\040\000c\000\341\000c\000\040\000l\000u\036\255\000t\000\040\000l\036\313\000c\000h\000\040\000s\036\355\000\040\001\021\000i\036\303\000m\000\040\000c\000a\000o\000\040\000v\000\340\000\040\000c\000\341\000c\000\040\000q\000u\000a\000n\000\040\000h\036\307\000\040\000l\000i\000\352\000n\000\040\000q\000u\000a\000n\000\040\000t\000o\000p\000\040\000k}{section.4.1}% 38
\BOOKMARK [2][-]{subsection.4.1.2}{\376\377\000S\000i\000n\000h\000\040\000l\000u\036\255\000t\000\040\000v\000\340\000\040\000t\000i\000n\000h\000\040\000c\000h\036\311\000n\000h\000\040\000l\036\267\000p}{section.4.1}% 39
\BOOKMARK [2][-]{subsection.4.1.3}{\376\377\000T\000r\000\355\000c\000h\000\040\000x\000u\036\245\000t\000\040\000s\036\361\000\040\000k\000i\036\307\000n\000\040\000d\036\361\000a\000\040\000t\000r\000\352\000n\000\040\000l\000u\036\255\000t}{section.4.1}% 40
\BOOKMARK [1][-]{section.4.2}{\376\377\000T\000r\000\355\000c\000h\000\040\000x\000u\036\245\000t\000\040\000s\036\361\000\040\000k\000i\036\307\000n\000\040\000t\000h\000e\000o\000\040\000n\000g\036\357\000\040\000n\000g\000h\001\051\000a}{chapter.4}% 41
\BOOKMARK [2][-]{subsection.4.2.1}{\376\377\000T\000i\036\301\000n\000\040\000x\036\355\000\040\000l\000\375\000\040\000d\036\357\000\040\000l\000i\036\307\000u}{section.4.2}% 42
\BOOKMARK [2][-]{subsection.4.2.2}{\376\377\000X\000\342\000y\000\040\000d\036\361\000n\000g\000\040\000c\001\241\000\040\000s\036\337\000\040\000d\036\357\000\040\000l\000i\036\307\000u\000\040\000v\000e\000c\000t\000o\000r}{section.4.2}% 43
\BOOKMARK [2][-]{subsection.4.2.3}{\376\377\000P\000h\001\260\001\241\000n\000g\000\040\000p\000h\000\341\000p\000\040\000t\000r\000u\000y\000\040\000x\000u\036\245\000t\000\040\000n\000g\036\357\000\040\000n\000g\000h\001\051\000a}{section.4.2}% 44
\BOOKMARK [2][-]{subsection.4.2.4}{\376\377\000C\000h\000i\036\277\000n\000\040\000l\001\260\036\343\000c\000\040\000t\000r\000u\000y\000\040\000x\000u\036\245\000t\000\040\000s\036\361\000\040\000k\000i\036\307\000n}{section.4.2}% 45
\BOOKMARK [1][-]{section.4.3}{\376\377\000S\000u\000y\000\040\000l\000u\036\255\000n\000\040\000t\000r\000i\000\040\000t\000h\036\351\000c\000\040\001\021\000a\000\040\000n\000g\000u\036\323\000n}{chapter.4}% 46
\BOOKMARK [1][-]{section.4.4}{\376\377\000C\000\341\000c\000h\000\040\000t\000\355\000n\000h\000\040\001\021\000i\036\303\000m\000\040\000c\000\341\000c\000\040\036\351\000n\000g\000\040\000v\000i\000\352\000n}{chapter.4}% 47
\BOOKMARK [2][-]{subsection.4.4.1}{\376\377\001\020\000i\036\303\000m\000\040\000s\036\321\000\040\000d\036\361\000\040\001\021\000o\000\341\000n\000\040\000c\036\347\000a\000\040\000L\000L\000M}{section.4.4}% 48
\BOOKMARK [2][-]{subsection.4.4.2}{\376\377\001\020\000i\036\303\000m\000\040\000s\036\321\000\040\000t\036\353\000\040\000d\036\361\000\040\001\021\000o\000\341\000n\000\040\000c\036\347\000a\000\040\000m\000\364\000\040\000h\000\354\000n\000h\000\040\000h\036\315\000c\000\040\000s\000\342\000u\000\040\000t\000h\000e\000o\000\040\000p\000h\001\260\001\241\000n\000g\000\040\000p\000h\000\341\000p\000\040\000n\000h\000\372\000n\000g\000\040\001\021\036\323\000\040\000t\000h\036\313}{section.4.4}% 49
\BOOKMARK [2][-]{subsection.4.4.3}{\376\377\001\020\000i\036\303\000m\000\040\000s\036\321\000\040\000c\000u\036\321\000i\000\040\000c\000\371\000n\000g}{section.4.4}% 50
\BOOKMARK [0][-]{chapter.5}{\376\377\000K\036\277\000t\000\040\000q\000u\036\243\000\040\000t\000h\000\355\000\040\000n\000g\000h\000i\036\307\000m}{}% 51
\BOOKMARK [1][-]{section.5.1}{\376\377\000B\036\331\000\040\000d\036\357\000\040\000l\000i\036\307\000u}{chapter.5}% 52
\BOOKMARK [1][-]{section.5.2}{\376\377\001\020\036\331\000\040\001\021\000o\000\040\001\021\000\341\000n\000h\000\040\000g\000i\000\341}{chapter.5}% 53
\BOOKMARK [1][-]{section.5.3}{\376\377\000T\000h\000i\036\277\000t\000\040\000l\036\255\000p\000\040\001\021\000\341\000n\000h\000\040\000g\000i\000\341}{chapter.5}% 54
\BOOKMARK [1][-]{section.5.4}{\376\377\000C\000\341\000c\000\040\000m\000\364\000\040\000h\000\354\000n\000h\000\040\000c\001\241\000\040\000s\036\337}{chapter.5}% 55
\BOOKMARK [1][-]{section.5.5}{\376\377\000C\000\340\000i\000\040\001\021\036\267\000t\000\040\000s\000i\000\352\000u\000\040\000t\000h\000a\000m\000\040\000s\036\321\000\040\000t\000h\036\361\000c\000\040\000n\000g\000h\000i\036\307\000m}{chapter.5}% 56
\BOOKMARK [1][-]{section.5.6}{\376\377\000K\036\277\000t\000\040\000q\000u\036\243\000\040\000t\000h\000\355\000\040\000n\000g\000h\000i\036\307\000m}{chapter.5}% 57
\BOOKMARK [2][-]{subsection.5.6.1}{\376\377\000K\036\277\000t\000\040\000q\000u\036\243\000\040\000c\000h\000\355\000n\000h}{section.5.6}% 58
\BOOKMARK [2][-]{subsection.5.6.2}{\376\377\000N\000g\000h\000i\000\352\000n\000\040\000c\036\351\000u\000\040\000l\000o\036\241\000i\000\040\000b\036\317}{section.5.6}% 59
\BOOKMARK [2][-]{subsection.5.6.3}{\376\377\000M\036\331\000t\000\040\000s\036\321\000\040\000p\000h\000\342\000n\000\040\000t\000\355\000c\000h\000\040\000k\000h\000\341\000c}{section.5.6}% 60
\BOOKMARK [0][-]{chapter.6}{\376\377\000K\036\276\000T\000\040\000L\000U\036\254\000N}{}% 61
\BOOKMARK [1][-]{section.6.1}{\376\377\000K\036\277\000t\000\040\000l\000u\036\255\000n\000\040\000c\000h\000u\000n\000g}{chapter.6}% 62
\BOOKMARK [1][-]{section.6.2}{\376\377\000H\036\241\000n\000\040\000c\000h\036\277\000\040\000v\000\340\000\040\000t\000h\000\341\000c\000h\000\040\000t\000h\036\351\000c}{chapter.6}% 63
\BOOKMARK [2][-]{subsection.6.2.1}{\376\377\000H\036\241\000n\000\040\000c\000h\036\277\000\040\000v\036\301\000\040\000c\000h\000i\000\040\000p\000h\000\355\000\040\000t\000\355\000n\000h\000\040\000t\000o\000\341\000n}{section.6.2}% 64
\BOOKMARK [2][-]{subsection.6.2.2}{\376\377\000P\000h\036\345\000\040\000t\000h\000u\036\331\000c\000\040\000v\000\340\000o\000\040\000c\000h\036\245\000t\000\040\000l\001\260\036\343\000n\000g\000\040\000L\000L\000M\000s}{section.6.2}% 65
\BOOKMARK [2][-]{subsection.6.2.3}{\376\377\000T\000h\000\341\000c\000h\000\040\000t\000h\036\351\000c\000\040\000t\000r\000o\000n\000g\000\040\000t\000r\000i\036\303\000n\000\040\000k\000h\000a\000i\000\040\000h\036\307\000\040\000t\000h\036\321\000n\000g}{section.6.2}% 66
\BOOKMARK [1][-]{section.6.3}{\376\377\000H\001\260\036\333\000n\000g\000\040\000n\000g\000h\000i\000\352\000n\000\040\000c\036\351\000u\000\040\000t\000i\036\301\000m\000\040\000n\001\003\000n\000g}{chapter.6}% 67
\BOOKMARK [2][-]{subsection.6.3.1}{\376\377\000T\036\321\000i\000\040\001\260\000u\000\040\000h\000\363\000a\000\040\000m\000\364\000\040\000h\000\354\000n\000h\000\040\001\021\036\323\000\040\000t\000h\036\313}{section.6.3}% 68
\BOOKMARK [2][-]{subsection.6.3.2}{\376\377\000C\036\243\000i\000\040\000t\000i\036\277\000n\000\040\000q\000u\000y\000\040\000t\000r\000\354\000n\000h\000\040\000L\000L\000M\000s}{section.6.3}% 69
\BOOKMARK [2][-]{subsection.6.3.3}{\376\377\000T\036\361\000\040\001\021\036\331\000n\000g\000\040\000h\000\363\000a\000\040\000h\036\307\000\040\000t\000h\036\321\000n\000g}{section.6.3}% 70
\BOOKMARK [2][-]{subsection.6.3.4}{\376\377\000M\036\337\000\040\000r\036\331\000n\000g\000\040\000n\000g\000u\036\323\000n\000\040\000t\000r\000i\000\040\000t\000h\036\351\000c}{section.6.3}% 71
\BOOKMARK [0][-]{subsection.6.3.4}{\376\377\000L\000i\000s\000t\000\040\000o\000f\000\040\000a\000u\000t\000h\000o\000r\000s\000'\000\040\000w\000o\000r\000k\000s}{}% 72
\BOOKMARK [0][-]{Item.1}{\376\377\000B\000i\000b\000l\000i\000o\000g\000r\000a\000p\000h\000y}{}% 73
